2021-11-17 23:44:38.946  INFO 13296 --- [restartedMain] com.project.ecom.EComDummyApplication    : Starting EComDummyApplication using Java 15.0.1 on LTIN256986 with PID 13296 (C:\New folder\Project Files\e-com-dummy\target\classes started by 839915 in C:\New folder\Project Files\e-com-dummy)
2021-11-17 23:44:38.947  INFO 13296 --- [restartedMain] com.project.ecom.EComDummyApplication    : No active profile set, falling back to default profiles: default
2021-11-17 23:44:39.326  INFO 13296 --- [restartedMain] .s.d.r.c.RepositoryConfigurationDelegate : Bootstrapping Spring Data MongoDB repositories in DEFAULT mode.
2021-11-17 23:44:39.340  INFO 13296 --- [restartedMain] .s.d.r.c.RepositoryConfigurationDelegate : Finished Spring Data repository scanning in 12 ms. Found 1 MongoDB repository interfaces.
2021-11-17 23:44:39.747  INFO 13296 --- [restartedMain] o.s.b.w.embedded.tomcat.TomcatWebServer  : Tomcat initialized with port(s): 8080 (http)
2021-11-17 23:44:39.749  INFO 13296 --- [restartedMain] o.apache.catalina.core.StandardService   : Starting service [Tomcat]
2021-11-17 23:44:39.750  INFO 13296 --- [restartedMain] org.apache.catalina.core.StandardEngine  : Starting Servlet engine: [Apache Tomcat/9.0.54]
2021-11-17 23:44:39.797  INFO 13296 --- [restartedMain] o.a.c.c.C.[Tomcat].[localhost].[/]       : Initializing Spring embedded WebApplicationContext
2021-11-17 23:44:39.798  INFO 13296 --- [restartedMain] w.s.c.ServletWebServerApplicationContext : Root WebApplicationContext: initialization completed in 845 ms
2021-11-17 23:44:39.885  INFO 13296 --- [restartedMain] org.mongodb.driver.cluster               : Cluster created with settings {hosts=[localhost:27017], mode=SINGLE, requiredClusterType=UNKNOWN, serverSelectionTimeout='30000 ms'}
2021-11-17 23:44:39.893  INFO 13296 --- [cluster-rtt-ClusterId{value='6195468f946b6e27ef619447', description='null'}-localhost:27017] org.mongodb.driver.connection            : Opened connection [connectionId{localValue:4, serverValue:91}] to localhost:27017
2021-11-17 23:44:39.894  INFO 13296 --- [cluster-ClusterId{value='6195468f946b6e27ef619447', description='null'}-localhost:27017] org.mongodb.driver.connection            : Opened connection [connectionId{localValue:5, serverValue:92}] to localhost:27017
2021-11-17 23:44:39.894  INFO 13296 --- [cluster-ClusterId{value='6195468f946b6e27ef619447', description='null'}-localhost:27017] org.mongodb.driver.cluster               : Monitor thread successfully connected to server with description ServerDescription{address=localhost:27017, type=STANDALONE, state=CONNECTED, ok=true, minWireVersion=0, maxWireVersion=8, maxDocumentSize=16777216, logicalSessionTimeoutMinutes=30, roundTripTimeNanos=3371000}
2021-11-17 23:44:39.924  INFO 13296 --- [restartedMain] o.s.b.d.a.OptionalLiveReloadServer       : LiveReload server is running on port 35729
2021-11-17 23:44:40.203  INFO 13296 --- [restartedMain] o.s.b.a.e.web.EndpointLinksResolver      : Exposing 1 endpoint(s) beneath base path '/actuator'
2021-11-17 23:44:40.238  INFO 13296 --- [restartedMain] o.s.b.w.embedded.tomcat.TomcatWebServer  : Tomcat started on port(s): 8080 (http) with context path ''
2021-11-17 23:44:40.259  INFO 13296 --- [restartedMain] com.project.ecom.EComDummyApplication    : Started EComDummyApplication in 1.403 seconds (JVM running for 7067.746)
2021-11-17 23:44:40.281  INFO 13296 --- [restartedMain] .ConditionEvaluationDeltaLoggingListener : Condition evaluation delta:


==========================
CONDITION EVALUATION DELTA
==========================


Positive matches:
-----------------

   LogFileWebEndpointAutoConfiguration#logFileWebEndpoint matched:
      - Log File found logging.file.name login.log (LogFileWebEndpointAutoConfiguration.LogFileCondition)
      - @ConditionalOnMissingBean (types: org.springframework.boot.actuate.logging.LogFileWebEndpoint; SearchStrategy: all) did not find any beans (OnBeanCondition)


Negative matches:
-----------------

    None


Exclusions:
-----------

    None


Unconditional classes:
----------------------

    None



2021-11-17 23:47:24.163  INFO 13296 --- [http-nio-8080-exec-2] o.a.c.c.C.[Tomcat].[localhost].[/]       : Initializing Spring DispatcherServlet 'dispatcherServlet'
2021-11-17 23:47:24.163  INFO 13296 --- [http-nio-8080-exec-2] o.s.web.servlet.DispatcherServlet        : Initializing Servlet 'dispatcherServlet'
2021-11-17 23:47:24.165  INFO 13296 --- [http-nio-8080-exec-2] o.s.web.servlet.DispatcherServlet        : Completed initialization in 1 ms
2021-11-17 23:47:24.180  INFO 13296 --- [http-nio-8080-exec-2] org.mongodb.driver.connection            : Opened connection [connectionId{localValue:6, serverValue:93}] to localhost:27017
2021-11-17 23:48:12.033  INFO 13296 --- [Thread-7] org.mongodb.driver.connection            : Closed connection [connectionId{localValue:6, serverValue:93}] to localhost:27017 because the pool has been closed.
